<?xml version="1.0" encoding="UTF-8"?>
<!-- Generated by org.testng.reporters.JUnitXMLReporter -->
<testsuite ignored="1" hostname="LAPTOP-2I4JTBOI" failures="0" tests="1" name="Test" time="6.111" errors="0" timestamp="2023-10-16T12:44:11 IST">
  <testcase classname="tests.GoogleTest" name="googletestMethod" time="6.061"/>
  <testcase classname="com.base.BaseClass" name="@BeforeSuite getDriver" time="0.0">
    <ignored/>
  </testcase> <!-- @BeforeSuite getDriver -->
</testsuite> <!-- Test -->
