<?xml version="1.0" encoding="UTF-8"?>
<testng-results ignored="0" total="1" passed="1" failed="0" skipped="0">
  <reporter-output>
  </reporter-output>
  <suite started-at="2023-10-18T11:20:21 IST" name="Suite" finished-at="2023-10-18T11:20:28 IST" duration-ms="7931">
    <groups>
    </groups>
    <test started-at="2023-10-18T11:20:21 IST" name="Test" finished-at="2023-10-18T11:20:28 IST" duration-ms="7931">
      <class name="tests.GoogleTest">
        <test-method signature="googletestMethod()[pri:0, instance:tests.GoogleTest@79ca92b9]" started-at="2023-10-18T11:20:21 IST" name="googletestMethod" finished-at="2023-10-18T11:20:28 IST" duration-ms="7905" status="PASS">
          <reporter-output>
          </reporter-output>
        </test-method> <!-- googletestMethod -->
      </class> <!-- tests.GoogleTest -->
    </test> <!-- Test -->
  </suite> <!-- Suite -->
</testng-results>
