<?xml version="1.0" encoding="UTF-8"?>
<testng-results ignored="0" total="1" passed="1" failed="0" skipped="0">
  <reporter-output>
  </reporter-output>
  <suite started-at="2023-10-16T12:44:05 IST" name="Suite" finished-at="2023-10-16T12:44:11 IST" duration-ms="6111">
    <groups>
    </groups>
    <test started-at="2023-10-16T12:44:05 IST" name="Test" finished-at="2023-10-16T12:44:11 IST" duration-ms="6111">
      <class name="com.base.BaseClass">
        <test-method is-config="true" signature="getDriver()[pri:0, instance:com.base.BaseClass@6cf0e0ba]" started-at="2023-10-16T12:44:02 IST" name="getDriver" finished-at="2023-10-16T12:44:05 IST" duration-ms="2940" status="PASS">
          <reporter-output>
          </reporter-output>
        </test-method> <!-- getDriver -->
      </class> <!-- com.base.BaseClass -->
      <class name="tests.GoogleTest">
        <test-method signature="googletestMethod()[pri:0, instance:tests.GoogleTest@3023df74]" started-at="2023-10-16T12:44:05 IST" name="googletestMethod" finished-at="2023-10-16T12:44:11 IST" duration-ms="6061" status="PASS">
          <reporter-output>
          </reporter-output>
        </test-method> <!-- googletestMethod -->
      </class> <!-- tests.GoogleTest -->
    </test> <!-- Test -->
  </suite> <!-- Suite -->
</testng-results>
